2013-11-17 14:14:29,986 ERROR drake: illegal syntax starting with "../getWordLists.py" for workflow
2013-11-17 14:17:40,863 ERROR drake: illegal syntax starting with "EOF" for workflow
2013-11-17 14:17:56,370 ERROR drake: illegal syntax starting with "getWordLists" for workflow
2013-11-17 14:18:29,045 ERROR drake: illegal syntax starting with "s.txt" for workflow
2013-11-17 14:18:43,595 INFO Running 5 steps with concurrence of 1...
2013-11-17 14:18:43,679 INFO 
2013-11-17 14:18:43,693 INFO --- 0. Running (no-input step): drake.log <- 
2013-11-17 14:19:09,500 INFO --- 0: drake.log <-  -> done in 25.77s
2013-11-17 14:19:09,507 INFO 
2013-11-17 14:19:09,507 INFO --- 1. Running (missing output): wordlist-general.txt <- 
2013-11-17 14:19:09,562 INFO --- 1: wordlist-general.txt <-  -> done in 0.05s
2013-11-17 14:19:09,571 INFO 
2013-11-17 14:19:09,572 INFO --- 2. Running (missing output): wordlist-java.txt <- 
2013-11-17 14:19:09,948 INFO --- 2: wordlist-java.txt <-  -> done in 0.38s
2013-11-17 14:19:09,951 INFO 
2013-11-17 14:19:09,951 INFO --- 3. Running (missing output): wordlist-networking.txt <- 
2013-11-17 14:19:10,026 INFO --- 3: wordlist-networking.txt <-  -> done in 0.07s
2013-11-17 14:19:10,029 INFO 
2013-11-17 14:19:10,030 INFO --- 4. Running (missing output): wordlist-crypto.txt <- 
2013-11-17 14:19:10,180 INFO --- 4: wordlist-crypto.txt <-  -> done in 0.15s
2013-11-17 14:19:10,182 INFO Done (5 steps run).
2013-11-17 14:20:37,282 ERROR drake: duplicated output: file:/Users/fnbr/Dropbox/Academic/2013:14/Fall/Cmput466/Project/BugDedup/domainClassification/wordLists/drake.log
2013-11-17 14:21:16,563 INFO Running 6 steps with concurrence of 1...
2013-11-17 14:21:16,619 INFO 
2013-11-17 14:21:16,620 INFO --- 0. Running (missing output): getWordLists <- 
2013-11-17 14:21:41,025 INFO --- 0: getWordLists <-  -> done in 24.40s
2013-11-17 14:21:41,031 INFO 
2013-11-17 14:21:41,031 INFO --- 1. Running (no-input step): wordlist-general.txt <- 
2013-11-17 14:21:41,115 INFO --- 1: wordlist-general.txt <-  -> done in 0.08s
2013-11-17 14:21:41,120 INFO 
2013-11-17 14:21:41,121 INFO --- 2. Running (no-input step): wordlist-java.txt <- 
2013-11-17 14:21:41,219 INFO --- 2: wordlist-java.txt <-  -> done in 0.10s
2013-11-17 14:21:41,223 INFO 
2013-11-17 14:21:41,223 INFO --- 3. Running (no-input step): wordlist-networking.txt <- 
2013-11-17 14:21:41,298 INFO --- 3: wordlist-networking.txt <-  -> done in 0.07s
2013-11-17 14:21:41,302 INFO 
2013-11-17 14:21:41,303 INFO --- 4. Running (no-input step): wordlist-crypto.txt <- 
2013-11-17 14:21:41,365 INFO --- 4: wordlist-crypto.txt <-  -> done in 0.06s
2013-11-17 14:21:41,368 INFO 
2013-11-17 14:21:41,368 INFO --- 5. Running (missing output): cleanUp <- 
2013-11-17 14:21:41,411 INFO --- 5: cleanUp <-  -> done in 0.04s
2013-11-17 14:21:41,413 INFO Done (6 steps run).
2013-11-17 14:51:09,439 INFO Running 1 steps with concurrence of 1...
2013-11-17 14:51:09,521 INFO 
2013-11-17 14:51:09,523 INFO --- 0. Running (missing output): getWordLists <- 
2013-11-17 14:51:35,046 INFO --- 0: getWordLists <-  -> done in 25.48s
2013-11-17 14:51:35,049 INFO Done (1 steps run).
2013-11-17 14:53:23,702 INFO Running 1 steps with concurrence of 1...
2013-11-17 14:53:23,739 INFO 
2013-11-17 14:53:23,740 INFO --- 0. Running (missing output): getWordLists <- 
2013-11-17 14:53:45,053 INFO Running 6 steps with concurrence of 1...
2013-11-17 14:53:45,129 INFO 
2013-11-17 14:53:45,135 INFO --- 0. Running (missing output): getWordLists <- 
2013-11-17 14:54:03,149 INFO --- 0: getWordLists <-  -> done in 18.01s
2013-11-17 14:54:03,154 INFO 
2013-11-17 14:54:03,154 INFO --- 1. Running (no-input step): wordlist-general.txt <- 
2013-11-17 14:54:03,197 INFO --- 1: wordlist-general.txt <-  -> done in 0.04s
2013-11-17 14:54:03,202 INFO 
2013-11-17 14:54:03,202 INFO --- 2. Running (no-input step): wordlist-java.txt <- 
2013-11-17 14:54:03,247 INFO --- 2: wordlist-java.txt <-  -> done in 0.04s
2013-11-17 14:54:03,249 INFO 
2013-11-17 14:54:03,250 INFO --- 3. Running (no-input step): wordlist-networking.txt <- 
2013-11-17 14:54:03,341 INFO --- 3: wordlist-networking.txt <-  -> done in 0.09s
2013-11-17 14:54:03,344 INFO 
2013-11-17 14:54:03,344 INFO --- 4. Running (no-input step): wordlist-crypto.txt <- 
2013-11-17 14:54:03,406 INFO --- 4: wordlist-crypto.txt <-  -> done in 0.06s
2013-11-17 14:54:03,417 INFO 
2013-11-17 14:54:03,419 INFO --- 5. Running (missing output): cleanUp <- 
2013-11-17 14:54:03,567 INFO --- 5: cleanUp <-  -> done in 0.11s
2013-11-17 14:54:03,569 INFO Done (6 steps run).
2013-11-17 18:13:21,193 INFO Running 6 steps with concurrence of 1...
2013-11-17 18:13:21,279 INFO 
2013-11-17 18:13:21,280 INFO --- 0. Running (missing output): getWordLists <- 
2013-11-17 18:13:52,669 INFO --- 0: getWordLists <-  -> done in 31.35s
2013-11-17 18:13:52,703 INFO 
2013-11-17 18:13:52,703 INFO --- 1. Running (no-input step): wordlist-general.txt <- 
2013-11-17 18:13:52,890 INFO --- 1: wordlist-general.txt <-  -> done in 0.19s
2013-11-17 18:13:52,897 INFO 
2013-11-17 18:13:52,897 INFO --- 2. Running (no-input step): wordlist-java.txt <- 
2013-11-17 18:13:52,963 INFO --- 2: wordlist-java.txt <-  -> done in 0.06s
2013-11-17 18:13:52,966 INFO 
2013-11-17 18:13:52,967 INFO --- 3. Running (no-input step): wordlist-networking.txt <- 
2013-11-17 18:13:53,017 INFO --- 3: wordlist-networking.txt <-  -> done in 0.05s
2013-11-17 18:13:53,020 INFO 
2013-11-17 18:13:53,021 INFO --- 4. Running (no-input step): wordlist-crypto.txt <- 
2013-11-17 18:13:53,075 INFO --- 4: wordlist-crypto.txt <-  -> done in 0.05s
2013-11-17 18:13:53,078 INFO 
2013-11-17 18:13:53,079 INFO --- 5. Running (missing output): cleanUp <- 
2013-11-17 18:13:53,202 INFO --- 5: cleanUp <-  -> done in 0.11s
2013-11-17 18:13:53,204 INFO Done (6 steps run).
2013-11-17 18:16:36,816 INFO Running 6 steps with concurrence of 1...
2013-11-17 18:16:36,888 INFO 
2013-11-17 18:16:36,889 INFO --- 0. Running (missing output): getWordLists <- 
2013-11-17 18:17:03,233 INFO --- 0: getWordLists <-  -> done in 26.34s
2013-11-17 18:17:03,239 INFO 
2013-11-17 18:17:03,240 INFO --- 1. Running (no-input step): wordlist-general.txt <- 
2013-11-17 18:17:03,485 INFO --- 1: wordlist-general.txt <-  -> done in 0.23s
2013-11-17 18:17:03,492 INFO 
2013-11-17 18:17:03,492 INFO --- 2. Running (no-input step): wordlist-java.txt <- 
2013-11-17 18:17:03,592 INFO --- 2: wordlist-java.txt <-  -> done in 0.08s
2013-11-17 18:17:03,595 INFO 
2013-11-17 18:17:03,595 INFO --- 3. Running (no-input step): wordlist-networking.txt <- 
2013-11-17 18:17:03,667 INFO --- 3: wordlist-networking.txt <-  -> done in 0.05s
2013-11-17 18:17:03,676 INFO 
2013-11-17 18:17:03,677 INFO --- 4. Running (no-input step): wordlist-crypto.txt <- 
2013-11-17 18:17:03,773 INFO --- 4: wordlist-crypto.txt <-  -> done in 0.08s
2013-11-17 18:17:03,776 INFO 
2013-11-17 18:17:03,776 INFO --- 5. Running (missing output): cleanUp <- 
2013-11-17 18:17:03,914 INFO --- 5: cleanUp <-  -> done in 0.12s
2013-11-17 18:17:03,916 INFO Done (6 steps run).
2013-11-17 18:18:23,554 INFO Running 6 steps with concurrence of 1...
2013-11-17 18:18:23,631 INFO 
2013-11-17 18:18:23,636 INFO --- 0. Running (missing output): getWordLists <- 
2013-11-17 18:18:48,331 INFO --- 0: getWordLists <-  -> done in 24.69s
2013-11-17 18:18:48,352 INFO 
2013-11-17 18:18:48,353 INFO --- 1. Running (no-input step): wordlist-general.txt <- 
2013-11-17 18:18:48,463 INFO --- 1: wordlist-general.txt <-  -> done in 0.11s
2013-11-17 18:18:48,468 INFO 
2013-11-17 18:18:48,468 INFO --- 2. Running (no-input step): wordlist-java.txt <- 
2013-11-17 18:18:48,518 INFO --- 2: wordlist-java.txt <-  -> done in 0.05s
2013-11-17 18:18:48,521 INFO 
2013-11-17 18:18:48,521 INFO --- 3. Running (no-input step): wordlist-networking.txt <- 
2013-11-17 18:18:48,603 INFO --- 3: wordlist-networking.txt <-  -> done in 0.08s
2013-11-17 18:18:48,623 INFO 
2013-11-17 18:18:48,624 INFO --- 4. Running (no-input step): wordlist-crypto.txt <- 
2013-11-17 18:18:48,670 INFO --- 4: wordlist-crypto.txt <-  -> done in 0.04s
2013-11-17 18:18:48,673 INFO 
2013-11-17 18:18:48,674 INFO --- 5. Running (missing output): cleanUp <- 
2013-11-17 18:18:48,762 INFO --- 5: cleanUp <-  -> done in 0.09s
2013-11-17 18:18:48,765 INFO Done (6 steps run).
2013-11-17 18:21:15,387 INFO Running 6 steps with concurrence of 1...
2013-11-17 18:21:15,440 INFO 
2013-11-17 18:21:15,443 INFO --- 0. Running (missing output): getWordLists <- 
2013-11-17 18:21:34,066 INFO --- 0: getWordLists <-  -> done in 18.62s
2013-11-17 18:21:34,072 INFO 
2013-11-17 18:21:34,072 INFO --- 1. Running (no-input step): wordlist-general.txt <- 
2013-11-17 18:21:34,107 INFO --- 1: wordlist-general.txt <-  -> done in 0.03s
2013-11-17 18:21:34,117 INFO 
2013-11-17 18:21:34,143 INFO --- 2. Running (no-input step): wordlist-java.txt <- 
2013-11-17 18:21:34,179 INFO --- 2: wordlist-java.txt <-  -> done in 0.03s
2013-11-17 18:21:34,183 INFO 
2013-11-17 18:21:34,183 INFO --- 3. Running (no-input step): wordlist-networking.txt <- 
2013-11-17 18:21:34,238 INFO --- 3: wordlist-networking.txt <-  -> done in 0.05s
2013-11-17 18:21:34,246 INFO 
2013-11-17 18:21:34,246 INFO --- 4. Running (no-input step): wordlist-crypto.txt <- 
2013-11-17 18:21:34,282 INFO --- 4: wordlist-crypto.txt <-  -> done in 0.03s
2013-11-17 18:21:34,302 INFO 
2013-11-17 18:21:34,303 INFO --- 5. Running (missing output): cleanUp <- 
2013-11-17 18:21:34,337 INFO --- 5: cleanUp <-  -> done in 0.03s
2013-11-17 18:21:34,339 INFO Done (6 steps run).
2013-11-17 18:23:25,522 INFO Running 6 steps with concurrence of 1...
2013-11-17 18:23:25,589 INFO 
2013-11-17 18:23:25,595 INFO --- 0. Running (missing output): getWordLists <- 
2013-11-17 18:23:43,505 INFO --- 0: getWordLists <-  -> done in 17.90s
2013-11-17 18:23:43,512 INFO 
2013-11-17 18:23:43,522 INFO --- 1. Running (no-input step): wordlist-general.txt <- 
2013-11-17 18:23:43,785 INFO --- 1: wordlist-general.txt <-  -> done in 0.20s
2013-11-17 18:23:43,792 INFO 
2013-11-17 18:23:43,792 INFO --- 2. Running (no-input step): wordlist-java.txt <- 
2013-11-17 18:23:43,896 INFO --- 2: wordlist-java.txt <-  -> done in 0.09s
2013-11-17 18:23:43,903 INFO 
2013-11-17 18:23:43,903 INFO --- 3. Running (no-input step): wordlist-networking.txt <- 
2013-11-17 18:23:44,010 INFO --- 3: wordlist-networking.txt <-  -> done in 0.09s
2013-11-17 18:23:44,024 INFO 
2013-11-17 18:23:44,025 INFO --- 4. Running (no-input step): wordlist-crypto.txt <- 
2013-11-17 18:23:44,113 INFO --- 4: wordlist-crypto.txt <-  -> done in 0.07s
2013-11-17 18:23:44,116 INFO 
2013-11-17 18:23:44,117 INFO --- 5. Running (missing output): cleanUp <- 
2013-11-17 18:23:44,301 INFO --- 5: cleanUp <-  -> done in 0.16s
2013-11-17 18:23:44,304 INFO Done (6 steps run).
2013-11-17 18:24:08,399 INFO Running 6 steps with concurrence of 1...
2013-11-17 18:24:08,482 INFO 
2013-11-17 18:24:08,488 INFO --- 0. Running (missing output): getWordLists <- 
2013-11-17 18:24:36,817 INFO --- 0: getWordLists <-  -> done in 28.32s
2013-11-17 18:24:36,857 INFO 
2013-11-17 18:24:36,858 INFO --- 1. Running (missing output): wordlist-general.txt <- 
2013-11-17 18:24:37,351 INFO --- 1: wordlist-general.txt <-  -> done in 0.49s
2013-11-17 18:24:37,355 INFO 
2013-11-17 18:24:37,356 INFO --- 2. Running (missing output): wordlist-java.txt <- 
2013-11-17 18:24:37,455 INFO --- 2: wordlist-java.txt <-  -> done in 0.10s
2013-11-17 18:24:37,461 INFO 
2013-11-17 18:24:37,462 INFO --- 3. Running (missing output): wordlist-networking.txt <- 
2013-11-17 18:24:37,569 INFO --- 3: wordlist-networking.txt <-  -> done in 0.10s
2013-11-17 18:24:37,574 INFO 
2013-11-17 18:24:37,576 INFO --- 4. Running (missing output): wordlist-crypto.txt <- 
2013-11-17 18:24:37,664 INFO --- 4: wordlist-crypto.txt <-  -> done in 0.08s
2013-11-17 18:24:37,667 INFO 
2013-11-17 18:24:37,667 INFO --- 5. Running (missing output): cleanUp <- 
2013-11-17 18:24:37,844 INFO --- 5: cleanUp <-  -> done in 0.18s
2013-11-17 18:24:37,847 INFO Done (6 steps run).
2013-11-17 18:26:31,264 INFO Running 6 steps with concurrence of 1...
2013-11-17 18:26:31,315 INFO 
2013-11-17 18:26:31,316 INFO --- 0. Running (missing output): getWordLists <- 
2013-11-17 18:27:04,318 INFO --- 0: getWordLists <-  -> done in 32.86s
2013-11-17 18:27:04,465 INFO 
2013-11-17 18:27:04,465 INFO --- 1. Running (no-input step): wordlist-general.txt <- 
2013-11-17 18:27:06,793 INFO --- 1: wordlist-general.txt <-  -> done in 2.19s
2013-11-17 18:27:06,797 INFO 
2013-11-17 18:27:06,798 INFO --- 2. Running (no-input step): wordlist-java.txt <- 
2013-11-17 18:27:07,313 INFO --- 2: wordlist-java.txt <-  -> done in 0.41s
2013-11-17 18:27:07,317 INFO 
2013-11-17 18:27:07,318 INFO --- 3. Running (no-input step): wordlist-networking.txt <- 
2013-11-17 18:27:07,535 INFO --- 3: wordlist-networking.txt <-  -> done in 0.16s
2013-11-17 18:27:07,539 INFO 
2013-11-17 18:27:07,539 INFO --- 4. Running (no-input step): wordlist-crypto.txt <- 
2013-11-17 18:27:08,098 INFO --- 4: wordlist-crypto.txt <-  -> done in 0.35s
2013-11-17 18:27:08,101 INFO 
2013-11-17 18:27:08,101 INFO --- 5. Running (missing output): cleanUp <- 
2013-11-17 18:27:09,117 INFO --- 5: cleanUp <-  -> done in 0.91s
2013-11-17 18:27:09,180 INFO Done (6 steps run).
2013-11-17 18:30:30,551 INFO Running 6 steps with concurrence of 1...
2013-11-17 18:30:30,712 INFO 
2013-11-17 18:30:30,717 INFO --- 0. Running (missing output): getWordLists <- 
2013-11-17 18:30:56,945 INFO --- 0: getWordLists <-  -> done in 26.22s
2013-11-17 18:30:56,959 INFO 
2013-11-17 18:30:56,959 INFO --- 1. Running (no-input step): wordlist-general.txt <- 
2013-11-17 18:30:57,002 INFO --- 1: wordlist-general.txt <-  -> done in 0.04s
2013-11-17 18:30:57,008 INFO 
2013-11-17 18:30:57,019 INFO --- 2. Running (no-input step): wordlist-java.txt <- 
2013-11-17 18:30:57,063 INFO --- 2: wordlist-java.txt <-  -> done in 0.04s
2013-11-17 18:30:57,066 INFO 
2013-11-17 18:30:57,067 INFO --- 3. Running (no-input step): wordlist-networking.txt <- 
2013-11-17 18:30:57,146 INFO --- 3: wordlist-networking.txt <-  -> done in 0.08s
2013-11-17 18:30:57,149 INFO 
2013-11-17 18:30:57,150 INFO --- 4. Running (no-input step): wordlist-crypto.txt <- 
2013-11-17 18:30:57,189 INFO --- 4: wordlist-crypto.txt <-  -> done in 0.04s
2013-11-17 18:30:57,191 INFO 
2013-11-17 18:30:57,192 INFO --- 5. Running (missing output): cleanUp <- 
2013-11-17 18:30:57,247 INFO --- 5: cleanUp <-  -> done in 0.05s
2013-11-17 18:30:57,253 INFO Done (6 steps run).
2013-11-17 18:33:25,501 INFO Running 6 steps with concurrence of 1...
2013-11-17 18:33:25,567 INFO 
2013-11-17 18:33:25,568 INFO --- 0. Running (missing output): getWordLists <- 
2013-11-17 18:33:45,377 INFO --- 0: getWordLists <-  -> done in 19.80s
2013-11-17 18:33:45,384 INFO 
2013-11-17 18:33:45,385 INFO --- 1. Running (no-input step): wordlist-general.txt <- 
2013-11-17 18:33:45,494 INFO --- 1: wordlist-general.txt <-  -> done in 0.11s
2013-11-17 18:33:45,516 INFO 
2013-11-17 18:33:45,516 INFO --- 2. Running (no-input step): wordlist-java.txt <- 
2013-11-17 18:33:45,556 INFO --- 2: wordlist-java.txt <-  -> done in 0.04s
2013-11-17 18:33:45,561 INFO 
2013-11-17 18:33:45,562 INFO --- 3. Running (no-input step): wordlist-networking.txt <- 
2013-11-17 18:33:45,623 INFO --- 3: wordlist-networking.txt <-  -> done in 0.06s
2013-11-17 18:33:45,625 INFO 
2013-11-17 18:33:45,626 INFO --- 4. Running (no-input step): wordlist-crypto.txt <- 
2013-11-17 18:33:45,690 INFO --- 4: wordlist-crypto.txt <-  -> done in 0.06s
2013-11-17 18:33:45,695 INFO 
2013-11-17 18:33:45,696 INFO --- 5. Running (missing output): cleanUp <- 
2013-11-17 18:33:45,757 INFO --- 5: cleanUp <-  -> done in 0.06s
2013-11-17 18:33:45,759 INFO Done (6 steps run).
2013-11-17 18:56:05,970 INFO Running 6 steps with concurrence of 1...
2013-11-17 18:56:06,027 INFO 
2013-11-17 18:56:06,044 INFO --- 0. Running (missing output): getWordLists <- 
2013-11-17 18:56:33,326 INFO --- 0: getWordLists <-  -> done in 27.27s
2013-11-17 18:56:33,348 INFO 
2013-11-17 18:56:33,348 INFO --- 1. Running (no-input step): wordlist-general.txt <- 
2013-11-17 18:56:33,386 INFO --- 1: wordlist-general.txt <-  -> done in 0.04s
2013-11-17 18:56:33,399 INFO 
2013-11-17 18:56:33,400 INFO --- 2. Running (no-input step): wordlist-java.txt <- 
2013-11-17 18:56:33,440 INFO --- 2: wordlist-java.txt <-  -> done in 0.04s
2013-11-17 18:56:33,443 INFO 
2013-11-17 18:56:33,443 INFO --- 3. Running (no-input step): wordlist-networking.txt <- 
2013-11-17 18:56:33,514 INFO --- 3: wordlist-networking.txt <-  -> done in 0.07s
2013-11-17 18:56:33,517 INFO 
2013-11-17 18:56:33,518 INFO --- 4. Running (no-input step): wordlist-crypto.txt <- 
2013-11-17 18:56:33,559 INFO --- 4: wordlist-crypto.txt <-  -> done in 0.04s
2013-11-17 18:56:33,562 INFO 
2013-11-17 18:56:33,563 INFO --- 5. Running (missing output): cleanUp <- 
2013-11-17 18:56:33,603 INFO --- 5: cleanUp <-  -> done in 0.04s
2013-11-17 18:56:33,605 INFO Done (6 steps run).
2013-11-17 18:58:09,700 INFO Running 6 steps with concurrence of 1...
2013-11-17 18:58:09,773 INFO 
2013-11-17 18:58:09,776 INFO --- 0. Running (missing output): getWordLists <- 
2013-11-17 18:58:28,250 INFO --- 0: getWordLists <-  -> done in 18.47s
2013-11-17 18:58:28,256 INFO 
2013-11-17 18:58:28,257 INFO --- 1. Running (missing output): wordlist-general.txt <- 
2013-11-17 18:58:28,294 INFO --- 1: wordlist-general.txt <-  -> done in 0.04s
2013-11-17 18:58:28,298 INFO 
2013-11-17 18:58:28,298 INFO --- 2. Running (missing output): wordlist-java.txt <- 
2013-11-17 18:58:28,353 INFO --- 2: wordlist-java.txt <-  -> done in 0.05s
2013-11-17 18:58:28,356 INFO 
2013-11-17 18:58:28,357 INFO --- 3. Running (missing output): wordlist-networking.txt <- 
2013-11-17 18:58:28,422 INFO --- 3: wordlist-networking.txt <-  -> done in 0.06s
2013-11-17 18:58:28,425 INFO 
2013-11-17 18:58:28,425 INFO --- 4. Running (missing output): wordlist-crypto.txt <- 
2013-11-17 18:58:28,480 INFO --- 4: wordlist-crypto.txt <-  -> done in 0.05s
2013-11-17 18:58:28,493 INFO 
2013-11-17 18:58:28,494 INFO --- 5. Running (missing output): cleanUp <- 
2013-11-17 18:58:28,538 INFO --- 5: cleanUp <-  -> done in 0.04s
2013-11-17 18:58:28,540 INFO Done (6 steps run).
2013-11-17 18:59:38,203 INFO Running 5 steps with concurrence of 1...
2013-11-17 18:59:38,253 INFO 
2013-11-17 18:59:38,280 INFO --- 0. Running (missing output): getWordLists <- 
2013-11-17 18:59:57,165 INFO --- 0: getWordLists <-  -> done in 18.87s
2013-11-17 18:59:57,184 INFO 
2013-11-17 18:59:57,185 INFO --- 1. Running (no-input step): wordlist-general.txt <- 
2013-11-17 18:59:57,220 INFO --- 1: wordlist-general.txt <-  -> done in 0.03s
2013-11-17 18:59:57,246 INFO 
2013-11-17 18:59:57,247 INFO --- 2. Running (no-input step): wordlist-java.txt <- 
2013-11-17 18:59:57,281 INFO --- 2: wordlist-java.txt <-  -> done in 0.03s
2013-11-17 18:59:57,298 INFO 
2013-11-17 18:59:57,299 INFO --- 3. Running (no-input step): wordlist-networking.txt <- 
2013-11-17 18:59:57,360 INFO --- 3: wordlist-networking.txt <-  -> done in 0.06s
2013-11-17 18:59:57,364 INFO 
2013-11-17 18:59:57,364 INFO --- 4. Running (no-input step): wordlist-crypto.txt <- 
2013-11-17 18:59:57,414 INFO --- 4: wordlist-crypto.txt <-  -> done in 0.05s
2013-11-17 18:59:57,416 INFO Done (5 steps run).
2013-11-17 19:04:15,579 ERROR drake: duplicated output: file:/Users/fnbr/Dropbox/Academic/2013:14/Fall/Cmput466/Project/BugDedup/domainClassification/wordLists/getWordLists
2013-11-17 19:04:47,166 INFO Running 2 steps with concurrence of 1...
2013-11-17 19:04:47,229 INFO 
2013-11-17 19:04:47,230 INFO --- 0. Running (missing output): getWordLists <- 
2013-11-17 19:05:10,353 INFO --- 0: getWordLists <-  -> done in 23.12s
2013-11-17 19:05:10,373 INFO 
2013-11-17 19:05:10,373 INFO --- 1. Running (no-input step): wordlist-general.txt <- 
2013-11-17 19:05:10,428 INFO --- 1: wordlist-general.txt <-  -> done in 0.05s
2013-11-17 19:05:10,430 INFO Done (2 steps run).
2013-11-17 19:05:52,080 INFO Running 2 steps with concurrence of 1...
2013-11-17 19:05:52,117 INFO 
2013-11-17 19:05:52,118 INFO --- 0. Running (missing output): getWordLists <- 
2013-11-17 19:06:19,472 INFO --- 0: getWordLists <-  -> done in 27.35s
2013-11-17 19:06:19,480 INFO 
2013-11-17 19:06:19,481 INFO --- 1. Running (missing output): wordlist-general.txt <- 
2013-11-17 19:06:19,538 INFO --- 1: wordlist-general.txt <-  -> done in 0.06s
2013-11-17 19:06:19,540 INFO Done (2 steps run).
2013-11-17 19:09:01,711 INFO Running 2 steps with concurrence of 1...
2013-11-17 19:09:01,732 INFO 
2013-11-17 19:09:01,733 INFO --- 0. Running (missing output): getWordLists <- 
2013-11-17 19:09:25,870 INFO --- 0: getWordLists <-  -> done in 24.13s
2013-11-17 19:09:25,914 INFO 
2013-11-17 19:09:25,915 INFO --- 1. Running (no-input step): wordlist-general.txt <- 
2013-11-17 19:09:26,105 INFO --- 1: wordlist-general.txt <-  -> done in 0.19s
2013-11-17 19:09:26,108 INFO Done (2 steps run).
2013-11-17 19:10:44,816 INFO Running 2 steps with concurrence of 1...
2013-11-17 19:10:44,866 INFO 
2013-11-17 19:10:44,867 INFO --- 0. Running (missing output): getWordLists <- 
2013-11-17 19:11:29,261 INFO --- 0: getWordLists <-  -> done in 44.36s
2013-11-17 19:11:29,284 INFO 
2013-11-17 19:11:29,284 INFO --- 1. Running (missing output): wordlist-general.txt <- 
2013-11-17 19:11:29,482 INFO --- 1: wordlist-general.txt <-  -> done in 0.19s
2013-11-17 19:11:29,484 INFO Done (2 steps run).
2013-11-17 19:11:59,930 INFO Running 3 steps with concurrence of 1...
2013-11-17 19:11:59,973 INFO 
2013-11-17 19:11:59,975 INFO --- 0. Running (missing output): getWordLists <- 
2013-11-17 19:12:46,961 INFO --- 0: getWordLists <-  -> done in 46.92s
2013-11-17 19:12:46,988 INFO 
2013-11-17 19:12:46,989 INFO --- 1. Running (no-input step): wordlist-general.txt <- 
2013-11-17 19:12:47,257 INFO --- 1: wordlist-general.txt <-  -> done in 0.24s
2013-11-17 19:12:47,263 INFO 
2013-11-17 19:12:47,264 INFO --- 2. Running (missing output): cleanUp <- 
2013-11-17 19:12:47,662 INFO --- 2: cleanUp <-  -> done in 0.33s
2013-11-17 19:12:47,701 INFO Done (3 steps run).
2013-12-02 15:53:19,071 INFO Running 5 steps with concurrence of 1...
2013-12-02 15:53:19,147 INFO 
2013-12-02 15:53:19,148 INFO --- 0. Running (missing output): getWordLists <- 
2013-12-02 15:54:10,177 INFO --- 0: getWordLists <-  -> done in 50.97s
2013-12-02 15:54:10,198 INFO 
2013-12-02 15:54:10,199 INFO --- 1. Running (missing output): getHighFreqWordLists <- 
2013-12-02 15:54:57,916 INFO --- 1: getHighFreqWordLists <-  -> done in 47.72s
2013-12-02 15:54:57,947 INFO 
2013-12-02 15:54:57,947 INFO --- 2. Running (no-input step): wordlist-general.txt <- 
2013-12-02 15:54:58,210 INFO --- 2: wordlist-general.txt <-  -> done in 0.26s
2013-12-02 15:54:58,214 INFO 
2013-12-02 15:54:58,215 INFO --- 3. Running (missing output): hf-wordlist-general.txt <- 
2013-12-02 15:54:58,287 INFO --- 3: hf-wordlist-general.txt <-  -> done in 0.07s
2013-12-02 15:54:58,290 INFO 
2013-12-02 15:54:58,290 INFO --- 4. Running (missing output): cleanUp <- 
2013-12-02 15:54:58,467 INFO --- 4: cleanUp <-  -> done in 0.17s
2013-12-02 15:54:58,483 INFO Done (5 steps run).
2013-12-02 15:58:06,966 INFO Running 5 steps with concurrence of 1...
2013-12-02 15:58:07,075 INFO 
2013-12-02 15:58:07,093 INFO --- 0. Running (missing output): getWordLists <- 
2013-12-02 15:59:06,355 INFO --- 0: getWordLists <-  -> done in 59.24s
2013-12-02 15:59:06,382 INFO 
2013-12-02 15:59:06,382 INFO --- 1. Running (missing output): getHighFreqWordLists <- 
2013-12-02 15:59:06,952 ERROR caught exception step 1:  throw+: {:msg "shell command failed with exit code 126", :args ("/bin/zsh" ".drake/shell-bb0514cbe44e61eef3ac324c9b532b8a" :env {"OUTPUT" "/Users/fnbr/Dropbox/Academic/2013:14/Fall/Cmput466/Project/Dedup/domainClassification/wordLists/getHighFreqWordLists", "PYTHONPATH" "/usr/local/lib/python:/usr/local/lib/python:", "DISPLAY" "/tmp/launch-QHuQ8o/org.macosforge.xquartz:0", "HOSTTYPE" "x86_64", "OCAML_TOPLEVEL_PATH" "/Users/fnbr/.opam/system/lib/toplevel", "PAGER" "less", "INPUTN" 0, "SSH_AUTH_SOCK" "/tmp/launch-NbhRQW/Listeners", "PATH" "/usr/local/sbin:/Users/fnbr/.opam/system/bin:/Users/fnbr/.rbenv/shims:/usr/local/Cellar/php55/5.5.5/bin:/usr/local/bin:/usr/bin:/bin:/usr/sbin:/sbin:/opt/X11/bin:/usr/texbin:/usr/local/opt/php55/bin:/usr/local/bin:/usr/bin:/bin:/usr/sbin:/sbin:/usr/texbin", "__CHECKFIX1436934" "1", "INPUTS" "", "TERM_PROGRAM_VERSION" "326", "JAVA_MAIN_CLASS_83885" "org.flatland.drip.Main", "INPUT" nil, "Apple_PubSub_Socket_Render" "/tmp/launch-w3D9HY/Render", "TMUX_PANE" "%21", "USER" "fnbr", "OPTIND" "1", "TERM" "screen", "__CF_USER_TEXT_ENCODING" "0x1F5:0:0", "EDITOR" "emacs", "SHLVL" "4", "OUTPUTN" 1, "LANG" "en_GB.UTF-8", "CAML_LD_LIBRARY_PATH" "/Users/fnbr/.opam/system/lib/stublibs:/usr/local/lib/ocaml/stublibs", "OUTPUT0" "/Users/fnbr/Dropbox/Academic/2013:14/Fall/Cmput466/Project/Dedup/domainClassification/wordLists/getHighFreqWordLists", "LOGNAME" "fnbr", "SHELL" "/bin/zsh", "TERM_PROGRAM" "Apple_Terminal", "SECURITYSESSIONID" "186a4", "BASE" "", "MARKPATH" "/Users/fnbr/.marks", "OPTERR" "1", "OUTPUTS" "/Users/fnbr/Dropbox/Academic/2013:14/Fall/Cmput466/Project/Dedup/domainClassification/wordLists/getHighFreqWordLists", "HOSTNAME" "asha", "DRIP_INIT_CLASS" "", "MACHTYPE" "x86_64-apple-darwin13", "LC_CTYPE" "en_GB.UTF-8", "GREP_OPTIONS" "--color=auto", "TMPDIR" "/var/folders/c0/rtng010n6ssdf1yz_197r6480000gn/T/", "TERM_SESSION_ID" "3F0E63AD-49E5-4420-82C2-1AF2A18F81B9", "LSCOLORS" "Gxfxcxdxbxegedabagacad", "LESS" "-R", "com.apple.java.jvmMode" "client", "GREP_COLOR" "1;32", "com.apple.java.jvmTask" "CommandLine_Manual.java", "JAVA_HOME" "/Library/Java/JavaVirtualMachines/1.6.0_65-b14-462.jdk/Contents/Home", "TMUX" "/private/var/folders/c0/rtng010n6ssdf1yz_197r6480000gn/T/tmux-501/default,1199,7", "PWD" "/Users/fnbr/Dropbox/Academic/2013:14/Fall/Cmput466/Project/Dedup/domainClassification/wordLists", "OSTYPE" "darwin13", "_" "/bin/bash", "MANPATH" "/Users/fnbr/.opam/system/man:/usr/share/man:/usr/local/share/man:/Users/fnbr/.opam/system/man", "HOME" "/Users/fnbr"} :die true :no-stdin nil :out [#<PrintStream java.io.PrintStream@7da2467a> #<BufferedWriter java.io.BufferedWriter@28c13406>] :err [#<PrintStream java.io.PrintStream@243e8ad1> #<BufferedWriter java.io.BufferedWriter@60bb1ee>]), :exit 126} nil
2013-12-02 15:59:06,963 INFO 
2013-12-02 15:59:06,963 INFO --- 2. Running (no-input step): wordlist-general.txt <- 
2013-12-02 15:59:07,058 INFO --- 2: wordlist-general.txt <-  -> done in 0.09s
2013-12-02 15:59:07,062 INFO 
2013-12-02 15:59:07,062 INFO --- 3. Running (no-input step): hf-wordlist-general.txt <- 
2013-12-02 15:59:07,097 INFO --- 3: hf-wordlist-general.txt <-  -> done in 0.03s
2013-12-02 15:59:07,099 INFO 
2013-12-02 15:59:07,099 INFO --- 4. Running (missing output): cleanUp <- 
2013-12-02 15:59:07,182 INFO --- 4: cleanUp <-  -> done in 0.08s
2013-12-02 15:59:07,206 INFO Done (4 steps run).
2013-12-02 15:59:07,208 ERROR drake: shell command failed with exit code 126
2013-12-02 16:03:18,742 INFO Running 5 steps with concurrence of 1...
2013-12-02 16:03:18,809 INFO 
2013-12-02 16:03:18,840 INFO --- 0. Running (missing output): getWordLists <- 
2013-12-02 16:05:05,602 INFO --- 0: getWordLists <-  -> done in 106.73s
2013-12-02 16:05:05,610 INFO 
2013-12-02 16:05:05,611 INFO --- 1. Running (missing output): getHighFreqWordLists <- 
2013-12-02 16:05:39,045 INFO --- 1: getHighFreqWordLists <-  -> done in 33.40s
2013-12-02 16:05:39,076 INFO 
2013-12-02 16:05:39,077 INFO --- 2. Running (no-input step): wordlist-general.txt <- 
2013-12-02 16:05:39,364 INFO --- 2: wordlist-general.txt <-  -> done in 0.29s
2013-12-02 16:05:39,377 INFO 
2013-12-02 16:05:39,378 INFO --- 3. Running (no-input step): hf-wordlist-general.txt <- 
2013-12-02 16:05:39,451 INFO --- 3: hf-wordlist-general.txt <-  -> done in 0.07s
2013-12-02 16:05:39,454 INFO 
2013-12-02 16:05:39,455 INFO --- 4. Running (missing output): cleanUp <- 
2013-12-02 16:05:39,630 INFO --- 4: cleanUp <-  -> done in 0.15s
2013-12-02 16:05:39,647 INFO Done (5 steps run).
2013-12-02 16:11:18,095 INFO Running 5 steps with concurrence of 1...
2013-12-02 16:11:18,184 INFO 
2013-12-02 16:11:18,217 INFO --- 0. Running (missing output): getWordLists <- 
2013-12-02 16:11:59,269 INFO --- 0: getWordLists <-  -> done in 41.00s
2013-12-02 16:11:59,296 INFO 
2013-12-02 16:11:59,296 INFO --- 1. Running (missing output): getHighFreqWordLists <- 
2013-12-02 16:12:29,155 INFO --- 1: getHighFreqWordLists <-  -> done in 29.86s
2013-12-02 16:12:29,165 INFO 
2013-12-02 16:12:29,165 INFO --- 2. Running (no-input step): wordlist-general.txt <- 
2013-12-02 16:12:29,273 INFO --- 2: wordlist-general.txt <-  -> done in 0.11s
2013-12-02 16:12:29,287 INFO 
2013-12-02 16:12:29,288 INFO --- 3. Running (no-input step): hf-wordlist-general.txt <- 
2013-12-02 16:12:29,337 INFO --- 3: hf-wordlist-general.txt <-  -> done in 0.05s
2013-12-02 16:12:29,339 INFO 
2013-12-02 16:12:29,340 INFO --- 4. Running (missing output): cleanUp <- 
2013-12-02 16:12:29,460 INFO --- 4: cleanUp <-  -> done in 0.11s
2013-12-02 16:12:29,464 INFO Done (5 steps run).
2013-12-02 16:15:05,384 INFO Running 5 steps with concurrence of 1...
2013-12-02 16:15:05,447 INFO 
2013-12-02 16:15:05,453 INFO --- 0. Running (missing output): getWordLists <- 
2013-12-02 16:15:56,075 INFO --- 0: getWordLists <-  -> done in 50.60s
2013-12-02 16:15:56,081 INFO 
2013-12-02 16:15:56,081 INFO --- 1. Running (missing output): getHighFreqWordLists <- 
2013-12-02 16:16:38,601 INFO --- 1: getHighFreqWordLists <-  -> done in 42.52s
2013-12-02 16:16:38,643 INFO 
2013-12-02 16:16:38,646 INFO --- 2. Running (no-input step): wordlist-general.txt <- 
2013-12-02 16:16:39,054 INFO --- 2: wordlist-general.txt <-  -> done in 0.39s
2013-12-02 16:16:39,066 INFO 
2013-12-02 16:16:39,067 INFO --- 3. Running (no-input step): hf-wordlist-general.txt <- 
2013-12-02 16:16:39,151 INFO --- 3: hf-wordlist-general.txt <-  -> done in 0.08s
2013-12-02 16:16:39,156 INFO 
2013-12-02 16:16:39,158 INFO --- 4. Running (missing output): cleanUp <- 
2013-12-02 16:16:39,302 INFO --- 4: cleanUp <-  -> done in 0.12s
2013-12-02 16:16:39,323 INFO Done (5 steps run).
2013-12-02 16:19:36,394 INFO Running 5 steps with concurrence of 1...
2013-12-02 16:19:36,651 INFO 
2013-12-02 16:19:36,673 INFO --- 0. Running (missing output): getWordLists <- 
2013-12-02 16:21:03,496 INFO --- 0: getWordLists <-  -> done in 86.76s
2013-12-02 16:21:03,522 INFO 
2013-12-02 16:21:03,523 INFO --- 1. Running (missing output): getHighFreqWordLists <- 
2013-12-02 16:21:32,871 INFO --- 1: getHighFreqWordLists <-  -> done in 29.28s
2013-12-02 16:21:32,875 INFO 
2013-12-02 16:21:32,876 INFO --- 2. Running (no-input step): wordlist-general.txt <- 
2013-12-02 16:21:33,180 INFO --- 2: wordlist-general.txt <-  -> done in 0.26s
2013-12-02 16:21:33,187 INFO 
2013-12-02 16:21:33,187 INFO --- 3. Running (no-input step): hf-wordlist-general.txt <- 
2013-12-02 16:21:33,265 INFO --- 3: hf-wordlist-general.txt <-  -> done in 0.07s
2013-12-02 16:21:33,268 INFO 
2013-12-02 16:21:33,268 INFO --- 4. Running (missing output): cleanUp <- 
2013-12-02 16:21:33,447 INFO --- 4: cleanUp <-  -> done in 0.16s
2013-12-02 16:21:33,462 INFO Done (5 steps run).
2013-12-04 15:30:07,660 INFO Running 1 steps with concurrence of 1...
2013-12-04 15:30:07,737 INFO 
2013-12-04 15:30:07,739 INFO --- 0. Running (missing output): splitPdf <- 
2013-12-04 15:30:08,296 ERROR caught exception step 0:  throw+: {:msg "shell command failed with exit code 127", :args ("/bin/zsh" ".drake/shell-207dff49e53693c949cb8507ffe2ff01" :env {"OUTPUT" "/Users/fnbr/Dropbox/Academic/2013:14/Fall/Cmput466/Project/Dedup/domainClassification/wordLists/splitPdf", "PYTHONPATH" "/usr/local/lib/python:/usr/local/lib/python:", "DISPLAY" "/tmp/launch-QHuQ8o/org.macosforge.xquartz:0", "OCAML_TOPLEVEL_PATH" "/Users/fnbr/.opam/system/lib/toplevel", "PAGER" "less", "INPUTN" 0, "SSH_AUTH_SOCK" "/tmp/launch-NbhRQW/Listeners", "PATH" "/usr/local/sbin:/Users/fnbr/.opam/system/bin:/Users/fnbr/.rbenv/shims:/usr/local/Cellar/php55/5.5.5/bin:/usr/local/bin:/usr/bin:/bin:/usr/sbin:/sbin:/opt/X11/bin:/usr/texbin:/usr/local/opt/php55/bin:/usr/local/bin:/usr/bin:/bin:/usr/sbin:/sbin:/usr/texbin", "__CHECKFIX1436934" "1", "JAVA_MAIN_CLASS_10118" "drake.core", "INPUTS" "", "TERM_PROGRAM_VERSION" "326", "INPUT" nil, "Apple_PubSub_Socket_Render" "/tmp/launch-w3D9HY/Render", "TMUX_PANE" "%32", "USER" "fnbr", "TERM" "screen", "__CF_USER_TEXT_ENCODING" "0x1F5:0:0", "EDITOR" "emacs", "SHLVL" "2", "OUTPUTN" 1, "LANG" "en_GB.UTF-8", "CAML_LD_LIBRARY_PATH" "/Users/fnbr/.opam/system/lib/stublibs:/usr/local/lib/ocaml/stublibs", "OUTPUT0" "/Users/fnbr/Dropbox/Academic/2013:14/Fall/Cmput466/Project/Dedup/domainClassification/wordLists/splitPdf", "LOGNAME" "fnbr", "SHELL" "/bin/zsh", "TERM_PROGRAM" "Apple_Terminal", "SECURITYSESSIONID" "186a4", "BASE" "", "MARKPATH" "/Users/fnbr/.marks", "OUTPUTS" "/Users/fnbr/Dropbox/Academic/2013:14/Fall/Cmput466/Project/Dedup/domainClassification/wordLists/splitPdf", "DRIP_INIT_CLASS" "", "LC_CTYPE" "en_GB.UTF-8", "GREP_OPTIONS" "--color=auto", "TMPDIR" "/var/folders/c0/rtng010n6ssdf1yz_197r6480000gn/T/", "TERM_SESSION_ID" "3F0E63AD-49E5-4420-82C2-1AF2A18F81B9", "LSCOLORS" "Gxfxcxdxbxegedabagacad", "LESS" "-R", "com.apple.java.jvmMode" "client", "GREP_COLOR" "1;32", "com.apple.java.jvmTask" "CommandLine_Manual.java", "JAVA_HOME" "/Library/Java/JavaVirtualMachines/1.6.0_65-b14-462.jdk/Contents/Home", "TMUX" "/private/var/folders/c0/rtng010n6ssdf1yz_197r6480000gn/T/tmux-501/default,1199,12", "PWD" "/Users/fnbr/Dropbox/Academic/2013:14/Fall/Cmput466/Project/Dedup/domainClassification/wordLists", "MANPATH" "/Users/fnbr/.opam/system/man:/usr/share/man:/usr/local/share/man:/Users/fnbr/.opam/system/man", "HOME" "/Users/fnbr"} :die true :no-stdin nil :out [#<PrintStream java.io.PrintStream@256d6cf> #<BufferedWriter java.io.BufferedWriter@1330b13c>] :err [#<PrintStream java.io.PrintStream@61c3e3fb> #<BufferedWriter java.io.BufferedWriter@3aca5e2>]), :exit 127} nil
2013-12-04 15:30:08,303 INFO Done (0 steps run).
2013-12-04 15:30:08,305 ERROR drake: shell command failed with exit code 127
2013-12-04 15:43:46,550 INFO Running 2 steps with concurrence of 1...
2013-12-04 15:43:46,676 INFO 
2013-12-04 15:43:46,678 INFO --- 0. Running (missing output): splitPdf <- 
2013-12-04 15:43:54,347 INFO --- 0: splitPdf <-  -> done in 7.61s
2013-12-04 15:43:54,352 INFO 
2013-12-04 15:43:54,352 INFO --- 1. Running (missing output): pdf2text <- 
2013-12-04 15:44:50,690 INFO --- 1: pdf2text <-  -> done in 56.34s
2013-12-04 15:44:50,715 INFO Done (2 steps run).
2013-12-04 15:46:04,640 INFO Running 3 steps with concurrence of 1...
2013-12-04 15:46:04,673 INFO 
2013-12-04 15:46:04,689 INFO --- 0. Running (missing output): splitPdf <- 
2013-12-04 15:46:11,109 INFO --- 0: splitPdf <-  -> done in 6.41s
2013-12-04 15:46:11,113 INFO 
2013-12-04 15:46:11,114 INFO --- 1. Running (missing output): pdf2text <- 
2013-12-04 15:47:16,245 INFO --- 1: pdf2text <-  -> done in 65.13s
2013-12-04 15:47:16,249 INFO 
2013-12-04 15:47:16,249 INFO --- 2. Running (missing output): getHighFreqWordLists <- 
2013-12-04 15:47:50,990 INFO --- 2: getHighFreqWordLists <-  -> done in 34.70s
2013-12-04 15:47:51,035 INFO Done (3 steps run).
2013-12-04 15:50:10,503 INFO Running 3 steps with concurrence of 1...
2013-12-04 15:50:10,594 INFO 
2013-12-04 15:50:10,595 INFO --- 0. Running (missing output): splitPdf <- 
2013-12-04 15:50:18,724 INFO --- 0: splitPdf <-  -> done in 8.09s
2013-12-04 15:50:18,729 INFO 
2013-12-04 15:50:18,730 INFO --- 1. Running (missing output): pdf2text <- 
2013-12-04 15:51:36,088 INFO --- 1: pdf2text <-  -> done in 77.36s
2013-12-04 15:51:36,093 INFO 
2013-12-04 15:51:36,094 INFO --- 2. Running (missing output): getWordLists <- 
2013-12-04 15:52:46,359 INFO --- 2: getWordLists <-  -> done in 70.23s
2013-12-04 15:52:46,408 INFO Done (3 steps run).
2013-12-04 16:25:41,492 INFO Running 4 steps with concurrence of 1...
2013-12-04 16:25:41,649 INFO 
2013-12-04 16:25:41,650 INFO --- 0. Running (missing output): splitPdf <- 
2013-12-04 16:25:50,508 INFO --- 0: splitPdf <-  -> done in 8.81s
2013-12-04 16:25:50,517 INFO 
2013-12-04 16:25:50,518 INFO --- 1. Running (missing output): pdf2text <- 
2013-12-04 16:26:51,438 INFO --- 1: pdf2text <-  -> done in 60.88s
2013-12-04 16:26:51,444 INFO 
2013-12-04 16:26:51,446 INFO --- 2. Running (missing output): getWordLists <- 
2013-12-04 16:27:06,766 INFO --- 2: getWordLists <-  -> done in 15.32s
2013-12-04 16:27:06,770 INFO 
2013-12-04 16:27:06,770 INFO --- 3. Running (missing output): getHighFreqWordLists <- 
2013-12-04 16:27:16,579 INFO --- 3: getHighFreqWordLists <-  -> done in 9.79s
2013-12-04 16:27:16,581 INFO Done (4 steps run).
2013-12-16 12:14:49,497 ERROR drake: illegal syntax starting with "EOF" for workflow
2013-12-16 12:15:33,892 INFO Running 4 steps with concurrence of 1...
2013-12-16 12:15:33,955 INFO 
2013-12-16 12:15:33,956 INFO --- 0. Running (missing output): splitPdf <- 
2013-12-16 12:15:45,496 ERROR caught exception step 0:  throw+: {:msg "shell command failed with exit code 4", :args ("/bin/zsh" ".drake/shell-0c8530bb1fbf4a2383a24c358fb1f88c" :env {"OUTPUT" "/Users/fnbr/Dropbox/Academic/2013:14/Fall/Cmput466/Project/Dedup/domainClassification/wordLists/splitPdf", "PYTHONPATH" "/usr/local/lib/python:/usr/local/lib/python:", "DISPLAY" "/tmp/launch-bZI1Mb/org.macosforge.xquartz:0", "HOSTTYPE" "x86_64", "OCAML_TOPLEVEL_PATH" "/Users/fnbr/.opam/system/lib/toplevel", "PAGER" "less", "INPUTN" 0, "SSH_AUTH_SOCK" "/tmp/launch-TA7Qbb/Listeners", "PATH" "/usr/local/sbin:/Users/fnbr/.opam/system/bin:/Users/fnbr/.rbenv/shims:/usr/local/Cellar/php55/5.5.5/bin:/usr/local/bin:/usr/bin:/bin:/usr/sbin:/sbin:/opt/X11/bin:/usr/texbin:/usr/local/opt/php55/bin:/usr/local/bin:/usr/bin:/bin:/usr/sbin:/sbin:/usr/texbin", "JAVA_MAIN_CLASS_68668" "org.flatland.drip.Main", "__CHECKFIX1436934" "1", "INPUTS" "", "COLORFGBG" "7;0", "INPUT" nil, "Apple_PubSub_Socket_Render" "/tmp/launch-WEvgcK/Render", "TMUX_PANE" "%0", "USER" "fnbr", "OPTIND" "1", "TERM" "screen", "__CF_USER_TEXT_ENCODING" "0x1F5:0:0", "EDITOR" "emacs", "SHLVL" "4", "OUTPUTN" 1, "ITERM_SESSION_ID" "w0t2p0", "LANG" "en_GB.UTF-8", "CAML_LD_LIBRARY_PATH" "/Users/fnbr/.opam/system/lib/stublibs:/usr/local/lib/ocaml/stublibs", "OUTPUT0" "/Users/fnbr/Dropbox/Academic/2013:14/Fall/Cmput466/Project/Dedup/domainClassification/wordLists/splitPdf", "LOGNAME" "fnbr", "SHELL" "/bin/zsh", "TERM_PROGRAM" "iTerm.app", "SECURITYSESSIONID" "186a4", "BASE" "", "MARKPATH" "/Users/fnbr/.marks", "OPTERR" "1", "OUTPUTS" "/Users/fnbr/Dropbox/Academic/2013:14/Fall/Cmput466/Project/Dedup/domainClassification/wordLists/splitPdf", "HOSTNAME" "asha", "DRIP_INIT_CLASS" "", "MACHTYPE" "x86_64-apple-darwin13", "LC_CTYPE" "en_GB.UTF-8", "GREP_OPTIONS" "--color=auto", "TMPDIR" "/var/folders/c0/rtng010n6ssdf1yz_197r6480000gn/T/", "LSCOLORS" "Gxfxcxdxbxegedabagacad", "LESS" "-R", "com.apple.java.jvmMode" "client", "GREP_COLOR" "1;32", "com.apple.java.jvmTask" "CommandLine_Manual.java", "JAVA_HOME" "/Library/Java/JavaVirtualMachines/1.6.0_65-b14-462.jdk/Contents/Home", "TMUX" "/private/var/folders/c0/rtng010n6ssdf1yz_197r6480000gn/T/tmux-501/default,65997,0", "PWD" "/Users/fnbr/Dropbox/Academic/2013:14/Fall/Cmput466/Project/Dedup/domainClassification/wordLists", "OSTYPE" "darwin13", "_" "/bin/bash", "MANPATH" "/Users/fnbr/.opam/system/man:/usr/share/man:/usr/local/share/man:/opt/X11/share/man:/Users/fnbr/.opam/system/man", "HOME" "/Users/fnbr", "ITERM_PROFILE" "Default"} :die true :no-stdin nil :out [#<PrintStream java.io.PrintStream@77d433c1> #<BufferedWriter java.io.BufferedWriter@c92015d>] :err [#<PrintStream java.io.PrintStream@4597871d> #<BufferedWriter java.io.BufferedWriter@5f27a49c>]), :exit 4} nil
2013-12-16 12:15:45,505 INFO 
2013-12-16 12:15:45,505 INFO --- 1. Running (missing output): pdf2text <- 
2013-12-16 12:16:27,492 INFO Running 4 steps with concurrence of 1...
2013-12-16 12:16:27,533 INFO 
2013-12-16 12:16:27,534 INFO --- 0. Running (missing output): splitPdf <- 
2013-12-16 12:16:44,955 INFO --- 0: splitPdf <-  -> done in 17.39s
2013-12-16 12:16:44,960 INFO 
2013-12-16 12:16:44,961 INFO --- 1. Running (missing output): pdf2text <- 
2013-12-16 12:35:19,337 INFO Running 4 steps with concurrence of 1...
2013-12-16 12:35:19,661 INFO 
2013-12-16 12:35:19,662 INFO --- 0. Running (missing output): splitPdf <- 
2013-12-16 12:35:41,309 INFO --- 0: splitPdf <-  -> done in 21.60s
2013-12-16 12:35:41,315 INFO 
2013-12-16 12:35:41,315 INFO --- 1. Running (missing output): pdf2text <- 
2013-12-16 12:40:51,438 INFO --- 1: pdf2text <-  -> done in 310.09s
2013-12-16 12:40:51,523 INFO 
2013-12-16 12:40:51,523 INFO --- 2. Running (missing output): getWordLists <- 
2013-12-16 12:41:17,519 INFO --- 2: getWordLists <-  -> done in 25.98s
2013-12-16 12:41:17,548 INFO 
2013-12-16 12:41:17,550 INFO --- 3. Running (missing output): getHighFreqWordLists <- 
2013-12-16 12:41:55,992 INFO --- 3: getHighFreqWordLists <-  -> done in 38.42s
2013-12-16 12:41:56,017 INFO Done (4 steps run).
